C:\Users\Uyanık\Documents\Projects\EquipmentMgt.Web\clientapp\shared\guard\auth.guard.js
C:\Users\Uyanık\Documents\Projects\EquipmentMgt.Web\clientapp\shared\guard\auth.guard.js.map
C:\Users\Uyanık\Documents\Projects\EquipmentMgt.Web\clientapp\component.js
C:\Users\Uyanık\Documents\Projects\EquipmentMgt.Web\clientapp\component.js.map
C:\Users\Uyanık\Documents\Projects\EquipmentMgt.Web\clientapp\module.js
C:\Users\Uyanık\Documents\Projects\EquipmentMgt.Web\clientapp\module.js.map
C:\Users\Uyanık\Documents\Projects\EquipmentMgt.Web\clientapp\app.js
C:\Users\Uyanık\Documents\Projects\EquipmentMgt.Web\clientapp\app.js.map
C:\Users\Uyanık\Documents\Projects\EquipmentMgt.Web\clientapp\shared\service.js
C:\Users\Uyanık\Documents\Projects\EquipmentMgt.Web\clientapp\shared\service.js.map
C:\Users\Uyanık\Documents\Projects\EquipmentMgt.Web\clientapp\account\login\component.js
C:\Users\Uyanık\Documents\Projects\EquipmentMgt.Web\clientapp\account\login\component.js.map
C:\Users\Uyanık\Documents\Projects\EquipmentMgt.Web\clientapp\account\login\module.js
C:\Users\Uyanık\Documents\Projects\EquipmentMgt.Web\clientapp\account\login\module.js.map
C:\Users\Uyanık\Documents\Projects\EquipmentMgt.Web\clientapp\shared\confirmed.validator.js
C:\Users\Uyanık\Documents\Projects\EquipmentMgt.Web\clientapp\shared\confirmed.validator.js.map
C:\Users\Uyanık\Documents\Projects\EquipmentMgt.Web\clientapp\account\register\component.js
C:\Users\Uyanık\Documents\Projects\EquipmentMgt.Web\clientapp\account\register\component.js.map
C:\Users\Uyanık\Documents\Projects\EquipmentMgt.Web\clientapp\account\register\module.js
C:\Users\Uyanık\Documents\Projects\EquipmentMgt.Web\clientapp\account\register\module.js.map
C:\Users\Uyanık\Documents\Projects\EquipmentMgt.Web\clientapp\backoffice\component.js
C:\Users\Uyanık\Documents\Projects\EquipmentMgt.Web\clientapp\backoffice\component.js.map
C:\Users\Uyanık\Documents\Projects\EquipmentMgt.Web\clientapp\shared\guard\access.guard.js
C:\Users\Uyanık\Documents\Projects\EquipmentMgt.Web\clientapp\shared\guard\access.guard.js.map
C:\Users\Uyanık\Documents\Projects\EquipmentMgt.Web\clientapp\backoffice\dashboard\component.js
C:\Users\Uyanık\Documents\Projects\EquipmentMgt.Web\clientapp\backoffice\dashboard\component.js.map
C:\Users\Uyanık\Documents\Projects\EquipmentMgt.Web\clientapp\backoffice\equipment\equipments\component.js
C:\Users\Uyanık\Documents\Projects\EquipmentMgt.Web\clientapp\backoffice\equipment\equipments\component.js.map
C:\Users\Uyanık\Documents\Projects\EquipmentMgt.Web\clientapp\backoffice\equipment\equipmentModel\component.js
C:\Users\Uyanık\Documents\Projects\EquipmentMgt.Web\clientapp\backoffice\equipment\equipmentModel\component.js.map
C:\Users\Uyanık\Documents\Projects\EquipmentMgt.Web\clientapp\backoffice\equipment\calibration\component.js
C:\Users\Uyanık\Documents\Projects\EquipmentMgt.Web\clientapp\backoffice\equipment\calibration\component.js.map
C:\Users\Uyanık\Documents\Projects\EquipmentMgt.Web\clientapp\backoffice\circulation\issue\component.js
C:\Users\Uyanık\Documents\Projects\EquipmentMgt.Web\clientapp\backoffice\circulation\issue\component.js.map
C:\Users\Uyanık\Documents\Projects\EquipmentMgt.Web\clientapp\backoffice\circulation\return\component.js
C:\Users\Uyanık\Documents\Projects\EquipmentMgt.Web\clientapp\backoffice\circulation\return\component.js.map
C:\Users\Uyanık\Documents\Projects\EquipmentMgt.Web\clientapp\backoffice\system\settings\component.js
C:\Users\Uyanık\Documents\Projects\EquipmentMgt.Web\clientapp\backoffice\system\settings\component.js.map
C:\Users\Uyanık\Documents\Projects\EquipmentMgt.Web\clientapp\backoffice\system\users\component.js
C:\Users\Uyanık\Documents\Projects\EquipmentMgt.Web\clientapp\backoffice\system\users\component.js.map
C:\Users\Uyanık\Documents\Projects\EquipmentMgt.Web\clientapp\backoffice\system\departmans\component.js
C:\Users\Uyanık\Documents\Projects\EquipmentMgt.Web\clientapp\backoffice\system\departmans\component.js.map
C:\Users\Uyanık\Documents\Projects\EquipmentMgt.Web\clientapp\shared\tableUtil.js
C:\Users\Uyanık\Documents\Projects\EquipmentMgt.Web\clientapp\shared\tableUtil.js.map
C:\Users\Uyanık\Documents\Projects\EquipmentMgt.Web\clientapp\backoffice\reports\equipment\component.js
C:\Users\Uyanık\Documents\Projects\EquipmentMgt.Web\clientapp\backoffice\reports\equipment\component.js.map
C:\Users\Uyanık\Documents\Projects\EquipmentMgt.Web\clientapp\backoffice\equipment\location\component.js
C:\Users\Uyanık\Documents\Projects\EquipmentMgt.Web\clientapp\backoffice\equipment\location\component.js.map
C:\Users\Uyanık\Documents\Projects\EquipmentMgt.Web\clientapp\backoffice\hardware\capacitor\component.js
C:\Users\Uyanık\Documents\Projects\EquipmentMgt.Web\clientapp\backoffice\hardware\capacitor\component.js.map
C:\Users\Uyanık\Documents\Projects\EquipmentMgt.Web\clientapp\backoffice\hardware\diode\component.js
C:\Users\Uyanık\Documents\Projects\EquipmentMgt.Web\clientapp\backoffice\hardware\diode\component.js.map
C:\Users\Uyanık\Documents\Projects\EquipmentMgt.Web\clientapp\backoffice\hardware\ICregulator\component.js
C:\Users\Uyanık\Documents\Projects\EquipmentMgt.Web\clientapp\backoffice\hardware\ICregulator\component.js.map
C:\Users\Uyanık\Documents\Projects\EquipmentMgt.Web\clientapp\backoffice\hardware\inductor\component.js
C:\Users\Uyanık\Documents\Projects\EquipmentMgt.Web\clientapp\backoffice\hardware\inductor\component.js.map
C:\Users\Uyanık\Documents\Projects\EquipmentMgt.Web\clientapp\backoffice\hardware\mosfet\component.js
C:\Users\Uyanık\Documents\Projects\EquipmentMgt.Web\clientapp\backoffice\hardware\mosfet\component.js.map
C:\Users\Uyanık\Documents\Projects\EquipmentMgt.Web\clientapp\backoffice\hardware\opamp\component.js
C:\Users\Uyanık\Documents\Projects\EquipmentMgt.Web\clientapp\backoffice\hardware\opamp\component.js.map
C:\Users\Uyanık\Documents\Projects\EquipmentMgt.Web\clientapp\backoffice\hardware\other\component.js
C:\Users\Uyanık\Documents\Projects\EquipmentMgt.Web\clientapp\backoffice\hardware\other\component.js.map
C:\Users\Uyanık\Documents\Projects\EquipmentMgt.Web\clientapp\backoffice\hardware\otherIC\component.js
C:\Users\Uyanık\Documents\Projects\EquipmentMgt.Web\clientapp\backoffice\hardware\otherIC\component.js.map
C:\Users\Uyanık\Documents\Projects\EquipmentMgt.Web\clientapp\backoffice\hardware\project\component.js
C:\Users\Uyanık\Documents\Projects\EquipmentMgt.Web\clientapp\backoffice\hardware\project\component.js.map
C:\Users\Uyanık\Documents\Projects\EquipmentMgt.Web\clientapp\backoffice\hardware\relay\component.js
C:\Users\Uyanık\Documents\Projects\EquipmentMgt.Web\clientapp\backoffice\hardware\relay\component.js.map
C:\Users\Uyanık\Documents\Projects\EquipmentMgt.Web\clientapp\backoffice\hardware\resistor\component.js
C:\Users\Uyanık\Documents\Projects\EquipmentMgt.Web\clientapp\backoffice\hardware\resistor\component.js.map
C:\Users\Uyanık\Documents\Projects\EquipmentMgt.Web\clientapp\backoffice\hardware\transistor\component.js
C:\Users\Uyanık\Documents\Projects\EquipmentMgt.Web\clientapp\backoffice\hardware\transistor\component.js.map
C:\Users\Uyanık\Documents\Projects\EquipmentMgt.Web\clientapp\backoffice\hardware\connector\component.js
C:\Users\Uyanık\Documents\Projects\EquipmentMgt.Web\clientapp\backoffice\hardware\connector\component.js.map
C:\Users\Uyanık\Documents\Projects\EquipmentMgt.Web\clientapp\backoffice\module.js
C:\Users\Uyanık\Documents\Projects\EquipmentMgt.Web\clientapp\backoffice\module.js.map
C:\Users\Uyanık\Documents\Projects\EquipmentMgt.Web\clientapp\backoffice\circulation\issue\module.js
C:\Users\Uyanık\Documents\Projects\EquipmentMgt.Web\clientapp\backoffice\circulation\issue\module.js.map
C:\Users\Uyanık\Documents\Projects\EquipmentMgt.Web\clientapp\backoffice\circulation\return\module.js
C:\Users\Uyanık\Documents\Projects\EquipmentMgt.Web\clientapp\backoffice\circulation\return\module.js.map
C:\Users\Uyanık\Documents\Projects\EquipmentMgt.Web\clientapp\backoffice\dashboard\module.js
C:\Users\Uyanık\Documents\Projects\EquipmentMgt.Web\clientapp\backoffice\dashboard\module.js.map
C:\Users\Uyanık\Documents\Projects\EquipmentMgt.Web\clientapp\backoffice\equipment\calibration\module.js
C:\Users\Uyanık\Documents\Projects\EquipmentMgt.Web\clientapp\backoffice\equipment\calibration\module.js.map
C:\Users\Uyanık\Documents\Projects\EquipmentMgt.Web\clientapp\backoffice\equipment\equipmentModel\module.js
C:\Users\Uyanık\Documents\Projects\EquipmentMgt.Web\clientapp\backoffice\equipment\equipmentModel\module.js.map
C:\Users\Uyanık\Documents\Projects\EquipmentMgt.Web\clientapp\backoffice\equipment\equipments\module.js
C:\Users\Uyanık\Documents\Projects\EquipmentMgt.Web\clientapp\backoffice\equipment\equipments\module.js.map
C:\Users\Uyanık\Documents\Projects\EquipmentMgt.Web\clientapp\backoffice\equipment\location\module.js
C:\Users\Uyanık\Documents\Projects\EquipmentMgt.Web\clientapp\backoffice\equipment\location\module.js.map
C:\Users\Uyanık\Documents\Projects\EquipmentMgt.Web\clientapp\backoffice\hardware\ICregulator\module.js
C:\Users\Uyanık\Documents\Projects\EquipmentMgt.Web\clientapp\backoffice\hardware\ICregulator\module.js.map
C:\Users\Uyanık\Documents\Projects\EquipmentMgt.Web\clientapp\backoffice\hardware\capacitor\module.js
C:\Users\Uyanık\Documents\Projects\EquipmentMgt.Web\clientapp\backoffice\hardware\capacitor\module.js.map
C:\Users\Uyanık\Documents\Projects\EquipmentMgt.Web\clientapp\backoffice\hardware\connector\module.js
C:\Users\Uyanık\Documents\Projects\EquipmentMgt.Web\clientapp\backoffice\hardware\connector\module.js.map
C:\Users\Uyanık\Documents\Projects\EquipmentMgt.Web\clientapp\backoffice\hardware\diode\module.js
C:\Users\Uyanık\Documents\Projects\EquipmentMgt.Web\clientapp\backoffice\hardware\diode\module.js.map
C:\Users\Uyanık\Documents\Projects\EquipmentMgt.Web\clientapp\backoffice\hardware\inductor\module.js
C:\Users\Uyanık\Documents\Projects\EquipmentMgt.Web\clientapp\backoffice\hardware\inductor\module.js.map
C:\Users\Uyanık\Documents\Projects\EquipmentMgt.Web\clientapp\backoffice\hardware\mosfet\module.js
C:\Users\Uyanık\Documents\Projects\EquipmentMgt.Web\clientapp\backoffice\hardware\mosfet\module.js.map
C:\Users\Uyanık\Documents\Projects\EquipmentMgt.Web\clientapp\backoffice\hardware\opamp\module.js
C:\Users\Uyanık\Documents\Projects\EquipmentMgt.Web\clientapp\backoffice\hardware\opamp\module.js.map
C:\Users\Uyanık\Documents\Projects\EquipmentMgt.Web\clientapp\backoffice\hardware\other\module.js
C:\Users\Uyanık\Documents\Projects\EquipmentMgt.Web\clientapp\backoffice\hardware\other\module.js.map
C:\Users\Uyanık\Documents\Projects\EquipmentMgt.Web\clientapp\backoffice\hardware\otherIC\module.js
C:\Users\Uyanık\Documents\Projects\EquipmentMgt.Web\clientapp\backoffice\hardware\otherIC\module.js.map
C:\Users\Uyanık\Documents\Projects\EquipmentMgt.Web\clientapp\backoffice\hardware\project\module.js
C:\Users\Uyanık\Documents\Projects\EquipmentMgt.Web\clientapp\backoffice\hardware\project\module.js.map
C:\Users\Uyanık\Documents\Projects\EquipmentMgt.Web\clientapp\backoffice\hardware\relay\module.js
C:\Users\Uyanık\Documents\Projects\EquipmentMgt.Web\clientapp\backoffice\hardware\relay\module.js.map
C:\Users\Uyanık\Documents\Projects\EquipmentMgt.Web\clientapp\backoffice\hardware\resistor\module.js
C:\Users\Uyanık\Documents\Projects\EquipmentMgt.Web\clientapp\backoffice\hardware\resistor\module.js.map
C:\Users\Uyanık\Documents\Projects\EquipmentMgt.Web\clientapp\backoffice\hardware\transistor\module.js
C:\Users\Uyanık\Documents\Projects\EquipmentMgt.Web\clientapp\backoffice\hardware\transistor\module.js.map
C:\Users\Uyanık\Documents\Projects\EquipmentMgt.Web\clientapp\backoffice\reports\equipment\module.js
C:\Users\Uyanık\Documents\Projects\EquipmentMgt.Web\clientapp\backoffice\reports\equipment\module.js.map
C:\Users\Uyanık\Documents\Projects\EquipmentMgt.Web\clientapp\backoffice\system\departmans\module.js
C:\Users\Uyanık\Documents\Projects\EquipmentMgt.Web\clientapp\backoffice\system\departmans\module.js.map
C:\Users\Uyanık\Documents\Projects\EquipmentMgt.Web\clientapp\backoffice\system\settings\module.js
C:\Users\Uyanık\Documents\Projects\EquipmentMgt.Web\clientapp\backoffice\system\settings\module.js.map
C:\Users\Uyanık\Documents\Projects\EquipmentMgt.Web\clientapp\backoffice\system\users\module.js
C:\Users\Uyanık\Documents\Projects\EquipmentMgt.Web\clientapp\backoffice\system\users\module.js.map
C:\Users\Uyanık\Documents\Projects\EquipmentMgt.Web\clientapp\shared\constants.js
C:\Users\Uyanık\Documents\Projects\EquipmentMgt.Web\clientapp\shared\constants.js.map
C:\Users\Uyanık\Documents\Projects\EquipmentMgt.Web\clientapp\shared\hooksCallbacks.js
C:\Users\Uyanık\Documents\Projects\EquipmentMgt.Web\clientapp\shared\hooksCallbacks.js.map
